<?xml version="1.0" encoding="UTF-8"?>
<testng-results ignored="0" total="2" passed="2" failed="0" skipped="0">
  <reporter-output>
  </reporter-output>
  <suite started-at="2021-05-07T13:08:13Z" name="Default suite" finished-at="2021-05-07T13:08:25Z" duration-ms="12229">
    <groups>
    </groups>
    <test started-at="2021-05-07T13:08:13Z" name="Default test" finished-at="2021-05-07T13:08:25Z" duration-ms="12229">
      <class name="TestSuites.Login">
        <test-method signature="TC01()[pri:0, instance:TestSuites.Login@6c61a903]" started-at="2021-05-07T13:08:13Z" name="TC01" finished-at="2021-05-07T13:08:22Z" duration-ms="8909" status="PASS">
          <reporter-output>
          </reporter-output>
        </test-method> <!-- TC01 -->
        <test-method signature="TC02()[pri:0, instance:TestSuites.Login@6c61a903]" started-at="2021-05-07T13:08:22Z" name="TC02" finished-at="2021-05-07T13:08:25Z" duration-ms="3283" status="PASS">
          <reporter-output>
          </reporter-output>
        </test-method> <!-- TC02 -->
      </class> <!-- TestSuites.Login -->
    </test> <!-- Default test -->
  </suite> <!-- Default suite -->
</testng-results>
